<?xml version="1.0" encoding="UTF-8"?>
<!-- Generated by org.testng.reporters.JUnitReportReporter -->
<testsuite hostname="DESKTOP-P4UAKD7" name="com.tests.ProductPurchase" tests="1" failures="0" timestamp="10 Jun 2018 21:51:32 GMT" time="304.868" errors="0">
  <testcase name="purchaseProduct" time="304.868" classname="com.tests.ProductPurchase"/>
</testsuite> <!-- com.tests.ProductPurchase -->
