<?xml version="1.0" encoding="UTF-8"?>
<!-- Generated by org.testng.reporters.JUnitReportReporter -->
<testsuite hostname="DESKTOP-P4UAKD7" name="com.tests.ProductPurchase" tests="1" failures="0" timestamp="11 Jun 2018 19:41:50 GMT" time="314.282" errors="0">
  <testcase name="purchaseProduct" time="314.282" classname="com.tests.ProductPurchase"/>
</testsuite> <!-- com.tests.ProductPurchase -->
